{"logTime": "0124/114255", "correlationVector":"kvPTFlVW74fe2Ny1D9JNJL.1","action":"SyncServerConnectionManagerRequest", "result":"SYNC_SERVER_OK", "context":{"environment":"Prod_SoutheastAsia_000j", "migrationStage":"NotStarted", "server":"GENERAL01000018"}}
{"logTime": "0124/114315", "correlationVector":"kvPTFlVW74fe2Ny1D9JNJL","action":"Initial GetUpdates", "result":"", "context":Reason: NEW_CLIENT. cV=kvPTFlVW74fe2Ny1D9JNJL}
{"logTime": "0124/114319", "correlationVector":"kvPTFlVW74fe2Ny1D9JNJL.2","action":"GetUpdates Response", "result":"SYNCER_OK", "context":Received 1 update(s). cV=kvPTFlVW74fe2Ny1D9JNJL.0;server=GENERAL01000018;cloudType=Consumer;environment=Prod_SoutheastAsia_000j;migrationStage=NotStarted}
{"logTime": "0124/114336", "correlationVector":"zb3TST4T8GEwlJ+h24UrwH","action":"SyncServerConnectionManagerRequest", "result":"SYNC_SERVER_OK", "context":{"environment":"", "migrationStage":"", "server":""}}
{"logTime": "0124/114336", "correlationVector":"Q97m6oGsQ9Plx+SAOwCZLs","action":"Initial GetUpdates", "result":"", "context":Reason: NEW_CLIENT. cV=Q97m6oGsQ9Plx+SAOwCZLs}
{"logTime": "0124/114336", "correlationVector":"Q97m6oGsQ9Plx+SAOwCZLs.1","action":"SyncServerConnectionManagerRequest", "result":"SYNC_SERVER_OK", "context":{"environment":"Prod_SoutheastAsia_000j", "migrationStage":"NotStarted", "server":"GENERAL0100001E"}}
{"logTime": "0124/114337", "correlationVector":"Q97m6oGsQ9Plx+SAOwCZLs.2","action":"GetUpdates Response", "result":"SYNCER_OK", "context":Received 7 update(s). cV=Q97m6oGsQ9Plx+SAOwCZLs.0;server=GENERAL0100001E;cloudType=Consumer;environment=Prod_SoutheastAsia_000j;migrationStage=NotStarted}
{"logTime": "0124/114337", "correlationVector":"Ii3kuX9ICE6pZEdZ+XLY2y","action":"Normal GetUpdate request", "result":"", "context":cV=Ii3kuX9ICE6pZEdZ+XLY2y
Nudged types: Device Info, User Consents
Refresh requested types: Device Info, User Consents, Send Tab To Self, Encryption Keys}
{"logTime": "0124/114337", "correlationVector":"Ii3kuX9ICE6pZEdZ+XLY2y.1","action":"SyncServerConnectionManagerRequest", "result":"SYNC_SERVER_OK", "context":{"environment":"Prod_SoutheastAsia_000j", "migrationStage":"NotStarted", "server":"GENERAL0100000P"}}
{"logTime": "0124/114337", "correlationVector":"Ii3kuX9ICE6pZEdZ+XLY2y.2","action":"GetUpdates Response", "result":"SYNCER_OK", "context":Received 0 update(s). cV=Ii3kuX9ICE6pZEdZ+XLY2y.0;server=GENERAL0100000P;cloudType=Consumer;environment=Prod_SoutheastAsia_000j;migrationStage=NotStarted}
{"logTime": "0124/114337", "correlationVector":"xQMYU9ZEt90RbOV2tydH53","action":"Commit Request", "result":"", "context":Item count: 1
Contributing types: Device Info}
{"logTime": "0124/114337", "correlationVector":"xQMYU9ZEt90RbOV2tydH53.1","action":"SyncServerConnectionManagerRequest", "result":"SYNC_SERVER_OK", "context":{"environment":"Prod_SoutheastAsia_000j", "migrationStage":"NotStarted", "server":"GENERAL0300000K"}}
{"logTime": "0124/114337", "correlationVector":"xQMYU9ZEt90RbOV2tydH53.2","action":"Commit Response", "result":"SYNCER_OK", "context":Result: SYNCER_OK. cV=xQMYU9ZEt90RbOV2tydH53.0;server=GENERAL0300000K;cloudType=Consumer;environment=Prod_SoutheastAsia_000j;migrationStage=NotStarted}
{"logTime": "0124/114337", "correlationVector":"BnggfYo8MHP83VK9UHanAt","action":"Commit Request", "result":"", "context":Item count: 1
Contributing types: User Consents}
{"logTime": "0124/114337", "correlationVector":"BnggfYo8MHP83VK9UHanAt.1","action":"SyncServerConnectionManagerRequest", "result":"SYNC_SERVER_OK", "context":{"environment":"Prod_SoutheastAsia_000j", "migrationStage":"NotStarted", "server":"GENERAL01000013"}}
{"logTime": "0124/114337", "correlationVector":"BnggfYo8MHP83VK9UHanAt.2","action":"Commit Response", "result":"SYNCER_OK", "context":Result: SYNCER_OK. cV=BnggfYo8MHP83VK9UHanAt.0;server=GENERAL01000013;cloudType=Consumer;environment=Prod_SoutheastAsia_000j;migrationStage=NotStarted}
{"logTime": "0124/114337", "correlationVector":"pyeiEqhNQe+FopqQ+n75XV","action":"Normal GetUpdate request", "result":"", "context":cV=pyeiEqhNQe+FopqQ+n75XV
Nudged types: Device Info}
{"logTime": "0124/114337", "correlationVector":"pyeiEqhNQe+FopqQ+n75XV.1","action":"SyncServerConnectionManagerRequest", "result":"SYNC_SERVER_OK", "context":{"environment":"Prod_SoutheastAsia_000j", "migrationStage":"NotStarted", "server":"GENERAL0300002B"}}
{"logTime": "0124/114337", "correlationVector":"pyeiEqhNQe+FopqQ+n75XV.2","action":"GetUpdates Response", "result":"SYNCER_OK", "context":Received 1 update(s). cV=pyeiEqhNQe+FopqQ+n75XV.0;server=GENERAL0300002B;cloudType=Consumer;environment=Prod_SoutheastAsia_000j;migrationStage=NotStarted}
{"logTime": "0124/114601", "correlationVector":"CgQP6Ja5MOIevI5bfUtplz","action":"Normal GetUpdate request", "result":"", "context":cV=CgQP6Ja5MOIevI5bfUtplz
Refresh requested types: Device Info, User Consents, Send Tab To Self, Encryption Keys}
{"logTime": "0124/114602", "correlationVector":"CgQP6Ja5MOIevI5bfUtplz.1","action":"SyncServerConnectionManagerRequest", "result":"SYNC_SERVER_OK", "context":{"environment":"Prod_SoutheastAsia_000j", "migrationStage":"NotStarted", "server":"GENERAL0100000M"}}
{"logTime": "0124/114602", "correlationVector":"CgQP6Ja5MOIevI5bfUtplz.2","action":"GetUpdates Response", "result":"SYNCER_OK", "context":Received 0 update(s). cV=CgQP6Ja5MOIevI5bfUtplz.0;server=GENERAL0100000M;cloudType=Consumer;environment=Prod_SoutheastAsia_000j;migrationStage=NotStarted}
{"logTime": "0201/093028", "correlationVector":"R3BIKB/z+w9EK27KIZ/atm.1","action":"SyncServerConnectionManagerRequest", "result":"SYNC_SERVER_OK", "context":{"environment":"Prod_SoutheastAsia_000j", "migrationStage":"NotStarted", "server":"GENERAL01000012"}}
{"logTime": "0201/093028", "correlationVector":"R3BIKB/z+w9EK27KIZ/atm","action":"Initial GetUpdates", "result":"", "context":Reason: NEW_CLIENT. cV=R3BIKB/z+w9EK27KIZ/atm}
{"logTime": "0201/093028", "correlationVector":"R3BIKB/z+w9EK27KIZ/atm.2","action":"GetUpdates Response", "result":"SYNCER_OK", "context":Received 1 update(s). cV=R3BIKB/z+w9EK27KIZ/atm.0;server=GENERAL01000012;cloudType=Consumer;environment=Prod_SoutheastAsia_000j;migrationStage=NotStarted}
{"logTime": "0201/093028", "correlationVector":"EaCgPmMVQdQpRkvoJIOEBE","action":"Initial GetUpdates", "result":"", "context":Reason: NEWLY_SUPPORTED_DATATYPE. cV=EaCgPmMVQdQpRkvoJIOEBE}
{"logTime": "0201/093028", "correlationVector":"EaCgPmMVQdQpRkvoJIOEBE.1","action":"SyncServerConnectionManagerRequest", "result":"SYNC_SERVER_OK", "context":{"environment":"Prod_SoutheastAsia_000j", "migrationStage":"NotStarted", "server":"GENERAL0100000H"}}
{"logTime": "0201/093028", "correlationVector":"EaCgPmMVQdQpRkvoJIOEBE.2","action":"GetUpdates Response", "result":"SYNCER_OK", "context":Received 0 update(s). cV=EaCgPmMVQdQpRkvoJIOEBE.0;server=GENERAL0100000H;cloudType=Consumer;environment=Prod_SoutheastAsia_000j;migrationStage=NotStarted}
{"logTime": "0201/093028", "correlationVector":"ew+EIx13TZeSgZvPSftXbf","action":"Normal GetUpdate request", "result":"", "context":cV=ew+EIx13TZeSgZvPSftXbf
Nudged types: Device Info
Refresh requested types: Device Info, User Consents, Send Tab To Self, Encryption Keys}
{"logTime": "0201/093028", "correlationVector":"ew+EIx13TZeSgZvPSftXbf.1","action":"SyncServerConnectionManagerRequest", "result":"SYNC_SERVER_OK", "context":{"environment":"Prod_SoutheastAsia_000j", "migrationStage":"NotStarted", "server":"GENERAL0100001A"}}
{"logTime": "0201/093028", "correlationVector":"ew+EIx13TZeSgZvPSftXbf.2","action":"GetUpdates Response", "result":"SYNCER_OK", "context":Received 0 update(s). cV=ew+EIx13TZeSgZvPSftXbf.0;server=GENERAL0100001A;cloudType=Consumer;environment=Prod_SoutheastAsia_000j;migrationStage=NotStarted}
{"logTime": "0201/093028", "correlationVector":"AEvU7Ao0/YDxogCC++vEh4","action":"Commit Request", "result":"", "context":Item count: 1
Contributing types: Device Info}
{"logTime": "0201/093028", "correlationVector":"AEvU7Ao0/YDxogCC++vEh4.1","action":"SyncServerConnectionManagerRequest", "result":"SYNC_SERVER_OK", "context":{"environment":"Prod_SoutheastAsia_000j", "migrationStage":"NotStarted", "server":"GENERAL0100000F"}}
{"logTime": "0201/093028", "correlationVector":"AEvU7Ao0/YDxogCC++vEh4.2","action":"Commit Response", "result":"SYNCER_OK", "context":Result: SYNCER_OK. cV=AEvU7Ao0/YDxogCC++vEh4.0;server=GENERAL0100000F;cloudType=Consumer;environment=Prod_SoutheastAsia_000j;migrationStage=NotStarted}
{"logTime": "0201/093028", "correlationVector":"7Ah+BP35Kmig2LtSOugSXr","action":"Poll GetUpdate request", "result":"", "context":cV=7Ah+BP35Kmig2LtSOugSXr}
{"logTime": "0201/093028", "correlationVector":"7Ah+BP35Kmig2LtSOugSXr.1","action":"SyncServerConnectionManagerRequest", "result":"SYNC_SERVER_OK", "context":{"environment":"Prod_SoutheastAsia_000j", "migrationStage":"NotStarted", "server":"GENERAL0300000W"}}
{"logTime": "0201/093028", "correlationVector":"7Ah+BP35Kmig2LtSOugSXr.2","action":"GetUpdates Response", "result":"SYNCER_OK", "context":Received 1 update(s). cV=7Ah+BP35Kmig2LtSOugSXr.0;server=GENERAL0300000W;cloudType=Consumer;environment=Prod_SoutheastAsia_000j;migrationStage=NotStarted}
{"logTime": "0201/093028", "correlationVector":"sQbCiVaf+V8kB3OkjYHneP","action":"Normal GetUpdate request", "result":"", "context":cV=sQbCiVaf+V8kB3OkjYHneP
Nudged types: Device Info}
{"logTime": "0201/093028", "correlationVector":"sQbCiVaf+V8kB3OkjYHneP.1","action":"SyncServerConnectionManagerRequest", "result":"SYNC_SERVER_OK", "context":{"environment":"Prod_SoutheastAsia_000j", "migrationStage":"NotStarted", "server":"GENERAL0300000G"}}
{"logTime": "0201/093028", "correlationVector":"sQbCiVaf+V8kB3OkjYHneP.2","action":"GetUpdates Response", "result":"SYNCER_OK", "context":Received 0 update(s). cV=sQbCiVaf+V8kB3OkjYHneP.0;server=GENERAL0300000G;cloudType=Consumer;environment=Prod_SoutheastAsia_000j;migrationStage=NotStarted}
{"logTime": "0201/093028", "correlationVector":"69HNYM+vxWbCxW/FeESaFw","action":"Initial GetUpdates", "result":"", "context":Reason: RECONFIGURATION. cV=69HNYM+vxWbCxW/FeESaFw}
{"logTime": "0201/093028", "correlationVector":"69HNYM+vxWbCxW/FeESaFw.1","action":"SyncServerConnectionManagerRequest", "result":"SYNC_SERVER_OK", "context":{"environment":"Prod_SoutheastAsia_000j", "migrationStage":"NotStarted", "server":"GENERAL0100001L"}}
{"logTime": "0201/093028", "correlationVector":"69HNYM+vxWbCxW/FeESaFw.2","action":"GetUpdates Response", "result":"SYNCER_OK", "context":Received 22 update(s). cV=69HNYM+vxWbCxW/FeESaFw.0;server=GENERAL0100001L;cloudType=Consumer;environment=Prod_SoutheastAsia_000j;migrationStage=NotStarted}
{"logTime": "0201/093029", "correlationVector":"SL19gxmbSqY2EvhvFmJsEJ","action":"Initial GetUpdates", "result":"", "context":Reason: NEWLY_SUPPORTED_DATATYPE. cV=SL19gxmbSqY2EvhvFmJsEJ}
{"logTime": "0201/093029", "correlationVector":"SL19gxmbSqY2EvhvFmJsEJ.1","action":"SyncServerConnectionManagerRequest", "result":"SYNC_SERVER_OK", "context":{"environment":"Prod_SoutheastAsia_000j", "migrationStage":"NotStarted", "server":"GENERAL0300000U"}}
{"logTime": "0201/093029", "correlationVector":"SL19gxmbSqY2EvhvFmJsEJ.2","action":"GetUpdates Response", "result":"SYNCER_OK", "context":Received 5 update(s). cV=SL19gxmbSqY2EvhvFmJsEJ.0;server=GENERAL0300000U;cloudType=Consumer;environment=Prod_SoutheastAsia_000j;migrationStage=NotStarted}
{"logTime": "0201/093029", "correlationVector":"7hhEYn8Ijq4ouQeLQpjzil","action":"Initial GetUpdates", "result":"", "context":Reason: NEWLY_SUPPORTED_DATATYPE. cV=7hhEYn8Ijq4ouQeLQpjzil}
{"logTime": "0201/093029", "correlationVector":"7hhEYn8Ijq4ouQeLQpjzil.1","action":"SyncServerConnectionManagerRequest", "result":"SYNC_SERVER_OK", "context":{"environment":"Prod_SoutheastAsia_000j", "migrationStage":"NotStarted", "server":"GENERAL0100000V"}}
{"logTime": "0201/093030", "correlationVector":"7hhEYn8Ijq4ouQeLQpjzil.2","action":"GetUpdates", "result":"DeleteReceived", "context":{"id":"e2e08f0e-5017-4e61-bfe2-c61331af3cc0", "isDeleted:":"true", "version":"1706001696171"}}
{"logTime": "0201/093030", "correlationVector":"7hhEYn8Ijq4ouQeLQpjzil.3","action":"GetUpdates Response", "result":"SYNCER_OK", "context":Received 4 update(s). cV=7hhEYn8Ijq4ouQeLQpjzil.0;server=GENERAL0100000V;cloudType=Consumer;environment=Prod_SoutheastAsia_000j;migrationStage=NotStarted}
{"logTime": "0201/093030", "correlationVector":"bp4/WyAQOHeaTGsikiAZ3v","action":"Normal GetUpdate request", "result":"", "context":cV=bp4/WyAQOHeaTGsikiAZ3v
Nudged types: Sessions, Device Info
Refresh requested types: Bookmarks, Preferences, Passwords, Autofill Profiles, Autofill, Autofill Custom Data, Typed URLs, Extensions, Sessions, Extension settings, History Delete Directives, Device Info, User Consents, Send Tab To Self, Web Apps, Collection, Edge E Drop, Edge Hub App Usage, Edge Wallet, Encryption Keys}
{"logTime": "0201/093030", "correlationVector":"bp4/WyAQOHeaTGsikiAZ3v.1","action":"SyncServerConnectionManagerRequest", "result":"SYNC_SERVER_OK", "context":{"environment":"Prod_SoutheastAsia_000j", "migrationStage":"NotStarted", "server":"GENERAL0300002E"}}
{"logTime": "0201/093030", "correlationVector":"bp4/WyAQOHeaTGsikiAZ3v.2","action":"GetUpdates Response", "result":"SYNCER_OK", "context":Received 0 update(s). cV=bp4/WyAQOHeaTGsikiAZ3v.0;server=GENERAL0300002E;cloudType=Consumer;environment=Prod_SoutheastAsia_000j;migrationStage=NotStarted}
{"logTime": "0201/093030", "correlationVector":"z2x2UlZXxnXx9Nte9exzD5","action":"Commit Request", "result":"", "context":Item count: 1
Contributing types: Device Info}
{"logTime": "0201/093030", "correlationVector":"z2x2UlZXxnXx9Nte9exzD5.1","action":"SyncServerConnectionManagerRequest", "result":"SYNC_SERVER_OK", "context":{"environment":"Prod_SoutheastAsia_000j", "migrationStage":"NotStarted", "server":"GENERAL0300000Z"}}
{"logTime": "0201/093030", "correlationVector":"z2x2UlZXxnXx9Nte9exzD5.2","action":"Commit Response", "result":"SYNCER_OK", "context":Result: SYNCER_OK. cV=z2x2UlZXxnXx9Nte9exzD5.0;server=GENERAL0300000Z;cloudType=Consumer;environment=Prod_SoutheastAsia_000j;migrationStage=NotStarted}
{"logTime": "0201/093030", "correlationVector":"eyUFpS+brMOt0RZmVukCG/","action":"Commit Request", "result":"", "context":Item count: 2
Contributing types: Sessions}
{"logTime": "0201/093032", "correlationVector":"eyUFpS+brMOt0RZmVukCG/.1","action":"SyncServerConnectionManagerRequest", "result":"SYNC_SERVER_OK", "context":{"environment":"Prod_SoutheastAsia_000j", "migrationStage":"NotStarted", "server":"general0300001S"}}
{"logTime": "0201/093032", "correlationVector":"eyUFpS+brMOt0RZmVukCG/.2","action":"Commit Response", "result":"SYNCER_OK", "context":Result: SYNCER_OK. cV=eyUFpS+brMOt0RZmVukCG/.0;server=general0300001S;cloudType=Consumer;environment=Prod_SoutheastAsia_000j;migrationStage=NotStarted}
{"logTime": "0201/093034", "correlationVector":"WegO1Hj1TlGNCinY0Oi+uA","action":"Commit Request", "result":"", "context":Item count: 1
Contributing types: Preferences}
{"logTime": "0201/093035", "correlationVector":"WegO1Hj1TlGNCinY0Oi+uA.1","action":"SyncServerConnectionManagerRequest", "result":"SYNC_SERVER_OK", "context":{"environment":"Prod_SoutheastAsia_000j", "migrationStage":"NotStarted", "server":"GENERAL0100001G"}}
{"logTime": "0201/093035", "correlationVector":"WegO1Hj1TlGNCinY0Oi+uA.2","action":"Commit Response", "result":"SYNCER_OK", "context":Result: SYNCER_OK. cV=WegO1Hj1TlGNCinY0Oi+uA.0;server=GENERAL0100001G;cloudType=Consumer;environment=Prod_SoutheastAsia_000j;migrationStage=NotStarted}
{"logTime": "0201/093036", "correlationVector":"LFU3GKyGDGOvtSkyWOszW1","action":"Commit Request", "result":"", "context":Item count: 2
Contributing types: Preferences, Sessions}
{"logTime": "0201/093038", "correlationVector":"LFU3GKyGDGOvtSkyWOszW1.1","action":"SyncServerConnectionManagerRequest", "result":"SYNC_SERVER_OK", "context":{"environment":"Prod_SoutheastAsia_000j", "migrationStage":"NotStarted", "server":"GENERAL0300000N"}}
{"logTime": "0201/093038", "correlationVector":"LFU3GKyGDGOvtSkyWOszW1.2","action":"Commit Response", "result":"SYNCER_OK", "context":Result: SYNCER_OK. cV=LFU3GKyGDGOvtSkyWOszW1.0;server=GENERAL0300000N;cloudType=Consumer;environment=Prod_SoutheastAsia_000j;migrationStage=NotStarted}
{"logTime": "0201/093040", "correlationVector":"EJXmZPrlUuAEOKWnt47+vH","action":"Commit Request", "result":"", "context":Item count: 1
Contributing types: Edge Hub App Usage}
{"logTime": "0201/093040", "correlationVector":"EJXmZPrlUuAEOKWnt47+vH.1","action":"SyncServerConnectionManagerRequest", "result":"SYNC_SERVER_OK", "context":{"environment":"Prod_SoutheastAsia_000j", "migrationStage":"NotStarted", "server":"GENERAL01000010"}}
{"logTime": "0201/093040", "correlationVector":"EJXmZPrlUuAEOKWnt47+vH.2","action":"Commit Response", "result":"SYNCER_OK", "context":Result: SYNCER_OK. cV=EJXmZPrlUuAEOKWnt47+vH.0;server=GENERAL01000010;cloudType=Consumer;environment=Prod_SoutheastAsia_000j;migrationStage=NotStarted}
{"logTime": "0201/093512", "correlationVector":"v0YKq7ztM7GEUHDGUbPAlC","action":"Normal GetUpdate request", "result":"", "context":cV=v0YKq7ztM7GEUHDGUbPAlC
Nudged types: Preferences
Refresh requested types: Bookmarks, Preferences, Passwords, Autofill Profiles, Autofill, Autofill Custom Data, Typed URLs, Extensions, Sessions, Extension settings, History Delete Directives, Device Info, User Consents, Send Tab To Self, Web Apps, Collection, Edge E Drop, Edge Hub App Usage, Edge Wallet, Encryption Keys}
{"logTime": "0201/093513", "correlationVector":"v0YKq7ztM7GEUHDGUbPAlC.1","action":"SyncServerConnectionManagerRequest", "result":"SYNC_SERVER_OK", "context":{"environment":"Prod_SoutheastAsia_000j", "migrationStage":"NotStarted", "server":"general0100000K"}}
{"logTime": "0201/093513", "correlationVector":"v0YKq7ztM7GEUHDGUbPAlC.2","action":"GetUpdates Response", "result":"SYNCER_OK", "context":Received 6 update(s). cV=v0YKq7ztM7GEUHDGUbPAlC.0;server=general0100000K;cloudType=Consumer;environment=Prod_SoutheastAsia_000j;migrationStage=NotStarted}
{"logTime": "0201/093513", "correlationVector":"qcQbPCfXoicVfPshQQVsW1","action":"Commit Request", "result":"", "context":Item count: 1
Contributing types: Preferences}
{"logTime": "0201/093513", "correlationVector":"qcQbPCfXoicVfPshQQVsW1.1","action":"SyncServerConnectionManagerRequest", "result":"SYNC_SERVER_OK", "context":{"environment":"Prod_SoutheastAsia_000j", "migrationStage":"NotStarted", "server":"GENERAL01000015"}}
{"logTime": "0201/093513", "correlationVector":"qcQbPCfXoicVfPshQQVsW1.2","action":"Commit Response", "result":"SYNCER_OK", "context":Result: SYNCER_OK. cV=qcQbPCfXoicVfPshQQVsW1.0;server=GENERAL01000015;cloudType=Consumer;environment=Prod_SoutheastAsia_000j;migrationStage=NotStarted}
{"logTime": "0201/093833", "correlationVector":"xTjCV52NOqK2TDP/zzLLPN","action":"Commit Request", "result":"", "context":Item count: 1
Contributing types: Sessions}
{"logTime": "0201/093833", "correlationVector":"xTjCV52NOqK2TDP/zzLLPN.1","action":"SyncServerConnectionManagerRequest", "result":"SYNC_SERVER_OK", "context":{"environment":"Prod_SoutheastAsia_000j", "migrationStage":"NotStarted", "server":"GENERAL01000018"}}
{"logTime": "0201/093833", "correlationVector":"xTjCV52NOqK2TDP/zzLLPN.2","action":"Commit Response", "result":"SYNCER_OK", "context":Result: SYNCER_OK. cV=xTjCV52NOqK2TDP/zzLLPN.0;server=GENERAL01000018;cloudType=Consumer;environment=Prod_SoutheastAsia_000j;migrationStage=NotStarted}
{"logTime": "0201/093919", "correlationVector":"dmFeMbyuj0fXrHWFQKTmsf","action":"Commit Request", "result":"", "context":Item count: 1
Contributing types: Sessions}
{"logTime": "0201/093921", "correlationVector":"dmFeMbyuj0fXrHWFQKTmsf.1","action":"SyncServerConnectionManagerRequest", "result":"SYNC_SERVER_OK", "context":{"environment":"Prod_SoutheastAsia_000j", "migrationStage":"NotStarted", "server":"GENERAL03000020"}}
{"logTime": "0201/093921", "correlationVector":"dmFeMbyuj0fXrHWFQKTmsf.2","action":"Commit Response", "result":"SYNCER_OK", "context":Result: SYNCER_OK. cV=dmFeMbyuj0fXrHWFQKTmsf.0;server=GENERAL03000020;cloudType=Consumer;environment=Prod_SoutheastAsia_000j;migrationStage=NotStarted}
{"logTime": "0201/094007", "correlationVector":"IXw2Bm2KvWgOsvfeBVc1kq","action":"Commit Request", "result":"", "context":Item count: 1
Contributing types: Sessions}
{"logTime": "0201/094011", "correlationVector":"IXw2Bm2KvWgOsvfeBVc1kq.1","action":"SyncServerConnectionManagerRequest", "result":"SYNC_SERVER_OK", "context":{"environment":"Prod_SoutheastAsia_000j", "migrationStage":"NotStarted", "server":"GENERAL0100000L"}}
{"logTime": "0201/094011", "correlationVector":"IXw2Bm2KvWgOsvfeBVc1kq.2","action":"Commit Response", "result":"SYNCER_OK", "context":Result: SYNCER_OK. cV=IXw2Bm2KvWgOsvfeBVc1kq.0;server=GENERAL0100000L;cloudType=Consumer;environment=Prod_SoutheastAsia_000j;migrationStage=NotStarted}
{"logTime": "0201/094408", "correlationVector":"k+YQ8Ao09ZbPUm0MQ8vFsL","action":"Commit Request", "result":"", "context":Item count: 1
Contributing types: Sessions}
{"logTime": "0201/094411", "correlationVector":"k+YQ8Ao09ZbPUm0MQ8vFsL.1","action":"SyncServerConnectionManagerRequest", "result":"SYNC_SERVER_OK", "context":{"environment":"Prod_EastAsia_000d", "migrationStage":"NotStarted", "server":"GENERAL0100000E"}}
{"logTime": "0201/094411", "correlationVector":"k+YQ8Ao09ZbPUm0MQ8vFsL.2","action":"Commit Response", "result":"SYNCER_OK", "context":Result: SYNCER_OK. cV=k+YQ8Ao09ZbPUm0MQ8vFsL.0;server=GENERAL0100000E;cloudType=Consumer;environment=Prod_EastAsia_000d;migrationStage=NotStarted}
